[    0.000000] Initiliing cgroup subsys cpuset
[    0.000000] Initializing cgroup subsys cpu
[    0.000000] Initializing cgroup subsys cpuacct
[    0.000000] Linux version 4.4.0-127-generic (buildd@lcy01-amd64-023) (gcc version 5.4.0 20160609 (Ubuntu 5.4.0-6ubuntu1~16.04.9) ) #153-Ubuntu SMP Sat May 19 10:58:46 UTC 2018 (Ubuntu 4.4.0-127.153-generic 4.4.128)
[    0.000000] Command line: BOOT_IMAGE=/boot/vmlinuz-4.4.0-127-generic root=LABEL=cloudimg-rootfs ro console=tty1 console=ttyS0
[    0.000000] KERNEL supported cpus:
[    0.000000]   Intel GenuineIntel
[    0.000000]   AMD AuthenticAMD
[    0.000000]   Centaur CentaurHauls
[    0.000000] x86/fpu: xstate_offset[2]:  576, xstate_sizes[2]:  256
[    0.000000] x86/fpu: Supporting XSAVE feature 0x01: 'x87 floating point registers'
[    0.000000] x86/fpu: Supporting XSAVE feature 0x02: 'SSE registers'
[    0.000000] x86/fpu: Supporting XSAVE feature 0x04: 'AVX registers'
[    0.000000] x86/fpu: Enabled xstate features 0x7, context size is 832 bytes, using 'standard' format.
[    0.000000] x86/fpu: Using 'lazy' FPU context switches.
[    0.000000] e820: BIOS-provided physical RAM map:
[    0.000000] BIOS-e820: [mem 0x0000000000000000-0x000000000009fbff] usable
[    0.000000] BIOS-e820: [mem 0x000000000009fc00-0x000000000009ffff] reserved
[    0.000000] BIOS-e820: [mem 0x00000000000f0000-0x00000000000fffff] reserved
[    0.000000] BIOS-e820: [mem 0x0000000000100000-0x000000007ffeffff] usable
[    0.000000] BIOS-e820: [mem 0x000000007fff0000-0x000000007fffffff] ACPI data
[    0.000000] BIOS-e820: [mem 0x00000000fec00000-0x00000000fec00fff] reserved
[    0.000000] BIOS-e820: [mem 0x00000000fee00000-0x00000000fee00fff] reserved
[    0.000000] BIOS-e820: [mem 0x00000000fffc0000-0x00000000ffffffff] reserved
[    0.000000] NX (Execute Disable) protection: active
[    0.000000] SMBIOS 2.5 present.
[    0.000000] Hypervisor detected: KVM
[    0.000000] e820: last_pfn = 0x7fff0 max_arch_pfn = 0x400000000
[    0.000000] MTRR: Disabled
[    0.000000] x86/PAT: MTRRs disabled, skipping PAT initialization too.
[    0.000000] CPU MTRRs all blank - virtualized system.
[    0.000000] x86/PAT: Configuration [0-7]: WB  WT  UC- UC  WB  WT  UC- UC  
[    0.000000] found SMP MP-table at [mem 0x0009fff0-0x0009ffff] mapped at [ffff88000009fff0]
[    0.000000] Scanning 1 areas for low memory corruption
[    0.000000] RAMDISK: [mem 0x36ab4000-0x37551fff]
[    0.000000] ACPI: Early table checksum verification disabled
[    0.000000] ACPI: RSDP 0x00000000000E0000 000024 (v02 VBOX  )
[    0.000000] ACPI: XSDT 0x000000007FFF0030 00003C (v01 VBOX   VBOXXSDT 00000001 ASL  00000061)
[    0.000000] ACPI: FACP 0x000000007FFF00F0 0000F4 (v04 VBOX   VBOXFACP 00000001 ASL  00000061)
[    0.000000] ACPI: DSDT 0x000000007FFF0470 0021FF (v02 VBOX   VBOXBIOS 00000002 INTL 20180531)
[    0.000000] ACPI: FACS 0x000000007FFF0200 000040
[    0.000000] ACPI: FACS 0x000000007FFF0200 000040
[    0.000000] ACPI: APIC 0x000000007FFF0240 00005C (v02 VBOX   VBOXAPIC 00000001 ASL  00000061)
[    0.000000] ACPI: SSDT 0x000000007FFF02A0 0001CC (v01 VBOX   VBOXCPUT 00000002 INTL 20180531)
[    0.000000] No NUMA configuration found
[    0.000000] Faking a node at [mem 0x0000000000000000-0x000000007ffeffff]
[    0.000000] NODE_DATA(0) allocated [mem 0x7ffeb000-0x7ffeffff]
[    0.000000] kvm-clock: Using msrs 4b564d01 and 4b564d00
[    0.000000] kvm-clock: cpu 0, msr 0:7ffe3001, primary cpu clock
[    0.000000] kvm-clock: using sched offset of 3156682163 cycles
[    0.000000] clocksource: kvm-clock: mask: 0xffffffffffffffff max_cycles: 0x1cd42e4dffb, max_idle_ns: 881590591483 ns
[    0.000000] Zone ranges:
[    0.000000]   DMA      [mem 0x0000000000001000-0x0000000000ffffff]
[    0.000000]   DMA32    [mem 0x0000000001000000-0x000000007ffeffff]
[    0.000000]   Normal   empty
[    0.000000]   Device   empty
[    0.000000] Movable zone start for each node
[    0.000000] Early memory node ranges
[    0.000000]   node   0: [mem 0x0000000000001000-0x000000000009efff]
[    0.000000]   node   0: [mem 0x0000000000100000-0x000000007ffeffff]
[    0.000000] Initmem setup node 0 [mem 0x0000000000001000-0x000000007ffeffff]
[    0.000000] ACPI: PM-Timer IO Port: 0x4008
[    0.000000] IOAPIC[0]: apic_id 2, version 32, address 0xfec00000, GSI 0-23
[    0.000000] ACPI: INT_SRC_OVR (bus 0 bus_irq 0 global_irq 2 dfl dfl)
[    0.000000] ACPI: INT_SRC_OVR (bus 0 bus_irq 9 global_irq 9 low level)
[    0.000000] Using ACPI (MADT) for SMP configuration information
[    0.000000] smpboot: Allowing 2 CPUs, 0 hotplug CPUs
[    0.000000] PM: Registered nosave memory: [mem 0x00000000-0x00000fff]
[    0.000000] PM: Registered nosave memory: [mem 0x0009f000-0x0009ffff]
[    0.000000] PM: Registered nosave memory: [mem 0x000a0000-0x000effff]
[    0.000000] PM: Registered nosave memory: [mem 0x000f0000-0x000fffff]
[    0.000000] e820: [mem 0x80000000-0xfebfffff] available for PCI devices
[    0.000000] Booting paravirtualized kernel on KVM
[    0.000000] clocksource: refined-jiffies: mask: 0xffffffff max_cycles: 0xffffffff, max_idle_ns: 7645519600211568 ns
[    0.000000] setup_percpu: NR_CPUS:512 nr_cpumask_bits:512 nr_cpu_ids:2 nr_node_ids:1
[    0.000000] PERCPU: Embedded 34 pages/cpu @ffff88007fc00000 s99544 r8192 d31528 u1048576
[    0.000000] PV qspinlock hash table entries: 256 (order: 0, 4096 bytes)
[    0.000000] Built 1 zonelists in Node order, mobility grouping on.  Total pages: 515960
[    0.000000] Policy zone: DMA32
[    0.000000] Kernel command line: BOOT_IMAGE=/boot/vmlinuz-4.4.0-127-generic root=LABEL=cloudimg-rootfs ro console=tty1 console=ttyS0
[    0.000000] PID hash table entries: 4096 (order: 3, 32768 bytes)
[    0.000000] Memory: 2033840K/2096696K available (8537K kernel code, 1313K rwdata, 4000K rodata, 1512K init, 1316K bss, 62856K reserved, 0K cma-reserved)
[    0.000000] SLUB: HWalign=64, Order=0-3, MinObjects=0, CPUs=2, Nodes=1
[    0.000000] Kernel/User page tables isolation: enabled
[    0.000000] Hierarchical RCU implementation.
[    0.000000] 	Build-time adjustment of leaf fanout to 64.
[    0.000000] 	RCU restricting CPUs from NR_CPUS=512 to nr_cpu_ids=2.
[    0.000000] RCU: Adjusting geometry for rcu_fanout_leaf=64, nr_cpu_ids=2
[    0.000000] NR_IRQS:33024 nr_irqs:440 16
[    0.000000] Console: colour VGA+ 80x25
[    0.000000] console [tty1] enabled
[    0.000000] console [ttyS0] enabled
[    0.000000] tsc: Detected 2394.598 MHz processor
[    0.465121] Calibrating delay loop (skipped) preset value.. 4789.19 BogoMIPS (lpj=9578392)
[    0.466626] pid_max: default: 32768 minimum: 301
[    0.467393] ACPI: Core revision 20150930
[    0.468967] ACPI: 2 ACPI AML tables successfully acquired and loaded
[    0.470129] Security Framework initialized
[    0.470835] Yama: becoming mindful.
[    0.471484] AppArmor: AppArmor initialized
[    0.472748] Dentry cache hash table entries: 262144 (order: 9, 2097152 bytes)
[    0.474204] Inode-cache hash table entries: 131072 (order: 8, 1048576 bytes)
[    0.475848] Mount-cache hash table entries: 4096 (order: 3, 32768 bytes)
[    0.476940] Mountpoint-cache hash table entries: 4096 (order: 3, 32768 bytes)
[    0.478128] Initializing cgroup subsys io
[    0.478834] Initializing cgroup subsys memory
[    0.479664] Initializing cgroup subsys devices
[    0.480474] Initializing cgroup subsys freezer
[    0.481240] Initializing cgroup subsys net_cls
[    0.481985] Initializing cgroup subsys perf_event
[    0.482787] Initializing cgroup subsys net_prio
[    0.483564] Initializing cgroup subsys hugetlb
[    0.484324] Initializing cgroup subsys pids
[    0.485087] CPU: Physical Processor ID: 0
[    0.485813] CPU: Processor Core ID: 0
[    0.486799] mce: CPU supports 0 MCE banks
[    0.487515] Last level iTLB entries: 4KB 512, 2MB 8, 4MB 8
[    0.488390] Last level dTLB entries: 4KB 512, 2MB 32, 4MB 32, 1GB 0
[    0.489369] Spectre V2 : Mitigation: Full generic retpoline
[    0.490250] Spectre V2 : Speculation control IBPB not-supported IBRS not-supported
[    0.491333] Speculative Store Bypass: Vulnerable
[    0.494372] Freeing SMP alternatives memory: 32K
[    0.503069] ftrace: allocating 32237 entries in 126 pages
[    0.556501] smpboot: APIC(0) Converting physical 0 to logical package 0
[    0.562830] smpboot: Max logical packages: 1
[    0.563826] x2apic enabled
[    0.564604] Switched APIC routing to physical x2apic.
[    0.566493] ..TIMER: vector=0x30 apic1=0 pin1=2 apic2=-1 pin2=-1
[    0.672610] smpboot: CPU0: Intel(R) Core(TM) i7-3630QM CPU @ 2.40GHz (family: 0x6, model: 0x3a, stepping: 0x9)
[    0.684513] Performance Events: unsupported p6 CPU model 58 no PMU driver, software events only.
[    0.686117] KVM setup paravirtual spinlock
[    0.687878] x86: Booting SMP configuration:
[    0.688624] .... node  #0, CPUs:      #1
[    0.689416] kvm-clock: cpu 1, msr 0:7ffe3041, secondary cpu clock
[    0.701509] mce: CPU supports 0 MCE banks
[    0.704167] x86: Booted up 1 node, 2 CPUs
[    0.705091] smpboot: Total of 2 processors activated (9578.39 BogoMIPS)
[    0.706483] devtmpfs: initialized
[    0.708949] evm: security.selinux
[    0.709599] evm: security.SMACK64
[    0.710234] evm: security.SMACK64EXEC
[    0.710907] evm: security.SMACK64TRANSMUTE
[    0.711630] evm: security.SMACK64MMAP
[    0.712304] evm: security.ima
[    0.712912] evm: security.capability
[    0.713739] clocksource: jiffies: mask: 0xffffffff max_cycles: 0xffffffff, max_idle_ns: 7645041785100000 ns
[    0.715312] futex hash table entries: 512 (order: 3, 32768 bytes)
[    0.716389] pinctrl core: initialized pinctrl subsystem
[    0.717370] RTC time: 12:43:52, date: 07/01/18
[    0.718287] NET: Registered protocol family 16
[    0.728883] cpuidle: using governor ladder
[    0.740187] cpuidle: using governor menu
[    0.743902] PCCT header not found.
[    0.745019] ACPI: bus type PCI registered
[    0.746130] acpiphp: ACPI Hot Plug PCI Controller Driver version: 0.5
[    0.747782] PCI: Using configuration type 1 for base access
[    0.761208] ACPI: Added _OSI(Module Device)
[    0.762477] ACPI: Added _OSI(Processor Device)
[    0.763655] ACPI: Added _OSI(3.0 _SCP Extensions)
[    0.764862] ACPI: Added _OSI(Processor Aggregator Device)
[    0.767094] ACPI: Executed 1 blocks of module-level executable AML code
[    0.771499] ACPI: Interpreter enabled
[    0.772543] ACPI: (supports S0 S5)
[    0.773505] ACPI: Using IOAPIC for interrupt routing
[    0.774929] PCI: Using host bridge windows from ACPI; if necessary, use "pci=nocrs" and report a bug
[    0.780201] ACPI: PCI Root Bridge [PCI0] (domain 0000 [bus 00-ff])
[    0.781200] acpi PNP0A03:00: _OSC: OS supports [ASPM ClockPM Segments MSI]
[    0.782239] acpi PNP0A03:00: _OSC: not requesting OS control; OS requires [ExtendedConfig ASPM ClockPM MSI]
[    0.783817] acpi PNP0A03:00: fail to add MMCONFIG information, can't access extended PCI configuration space under this bridge.
[    0.785818] PCI host bridge to bus 0000:00
[    0.786568] pci_bus 0000:00: root bus resource [io  0x0000-0x0cf7 window]
[    0.787590] pci_bus 0000:00: root bus resource [io  0x0d00-0xffff window]
[    0.788641] pci_bus 0000:00: root bus resource [mem 0x000a0000-0x000bffff window]
[    0.789938] pci_bus 0000:00: root bus resource [mem 0x80000000-0xfdffffff window]
[    0.791208] pci_bus 0000:00: root bus resource [bus 00-ff]
[    0.793466] pci 0000:00:01.1: legacy IDE quirk: reg 0x10: [io  0x01f0-0x01f7]
[    0.794519] pci 0000:00:01.1: legacy IDE quirk: reg 0x14: [io  0x03f6]
[    0.795504] pci 0000:00:01.1: legacy IDE quirk: reg 0x18: [io  0x0170-0x0177]
[    0.805558] pci 0000:00:01.1: legacy IDE quirk: reg 0x1c: [io  0x0376]
[    0.832331] pci 0000:00:07.0: quirk: [io  0x4000-0x403f] claimed by PIIX4 ACPI
[    0.839056] pci 0000:00:07.0: quirk: [io  0x4100-0x410f] claimed by PIIX4 SMB
[    0.850926] ACPI: PCI Interrupt Link [LNKA] (IRQs 5 9 10 *11)
[    0.860733] ACPI: PCI Interrupt Link [LNKB] (IRQs 5 9 *10 11)
[    0.864615] ACPI: PCI Interrupt Link [LNKC] (IRQs 5 *9 10 11)
[    0.871326] ACPI: PCI Interrupt Link [LNKD] (IRQs 5 9 10 *11)
[    0.897915] ACPI: Enabled 2 GPEs in block 00 to 07
[    0.901780] vgaarb: setting as boot device: PCI:0000:00:02.0
[    0.902733] vgaarb: device added: PCI:0000:00:02.0,decodes=io+mem,owns=io+mem,locks=none
[    0.904174] vgaarb: loaded
[    0.904785] vgaarb: bridge control possible 0000:00:02.0
[    0.905938] SCSI subsystem initialized
[    0.906876] ACPI: bus type USB registered
[    0.907628] usbcore: registered new interface driver usbfs
[    0.908556] usbcore: registered new interface driver hub
[    0.909484] usbcore: registered new device driver usb
[    0.910596] PCI: Using ACPI for IRQ routing
[    0.911612] NetLabel: Initializing
[    0.912262] NetLabel:  domain hash size = 128
[    0.913073] NetLabel:  protocols = UNLABELED CIPSOv4
[    0.913933] NetLabel:  unlabeled traffic allowed by default
[    0.914981] amd_nb: Cannot enumerate AMD northbridges
[    0.915895] clocksource: Switched to clocksource kvm-clock
[    0.923672] AppArmor: AppArmor Filesystem Enabled
[    1.073455] pnp: PnP ACPI init
[    1.074750] pnp: PnP ACPI: found 3 devices
[  1868]locksource: acpi_pm: mask: 0xffffff max_cycles: 0xffffff, max_idle_ns: 2085701024 ns
[    1.269198] NET: Registered protocol family 2

[    1.270167] TCP established hash table entries: 16384 (order: 5, 131072 bytes)
[    1.271532] TCP bind hash table entries: 16384 (order: 6, 262144 bytes)
[    1.272610] TCP: Hash tables configured (established 16384 bind 16384)
[    1.273668] UDP hash table entries: 1024 (order: 3, 32768 bytes)
[    1.274972] UDP-Lite hash table entries: 1024 (order: 3, 32768 bytes)
[    1.276668] NET: Registered protocol family 1
[    1.277596] pci 0000:00:00.0: Limiting direct PCI/PCI transfers
[    1.279126] pci 0000:00:01.0: Activating ISA DMA hang workarounds
[    1.280750] Unpacking initramfs...
[    2.926548] Freeing initrd memory: 10872K
[    3.003611] RAPL PMU detected, API unit is 2^-32 Joules, 3 fixed counters 10737418240 ms ovfl timer
[    3.005095] hw unit of domain pp0-core 2^-0 Joules
[    3.005889] hw unit of domain package 2^-0 Joules
[    3.006669] hw unit of domain pp1-gpu 2^-0 Joules
[    3.007507] platform rtc_cmos: registered platform RTC device (no PNP device found)
[    3.008866] Scanning for low memory corruption every 60 seconds
[    3.010749] audit: initializing netlink subsys (disabled)
[    3.011669] audit: type=2000 audit(1530449038.886:1): initialized
[    3.012968] Initialise system trusted keyring
[    3.014213] HugeTLB registered 2 MB page size, pre-allocated 0 pages
[    3.016564] zbud: loaded
[    3.017612] VFS: Disk quotas dquot_6.6.0
[    3.018348] VFS: Dquot-cache hash table entries: 512 (order 0, 4096 bytes)
[    3.019666] squashfs: version 4.0 (2009/01/31) Phillip Lougher
[    3.021173] fuse init (API version 7.23)
[    3.022176] Key type big_key registered
[    3.022970] Allocating IMA MOK and blacklist keyrings.
[    3.025266] Key type asymmetric registered
[    3.026027] Asymmetric key parser 'x509' registered
[    3.026885] Block layer SCSI generic (bsg) driver version 0.4 loaded (major 249)
[    3.028259] io scheduler noop registered
[    3.028971] io scheduler deadline registered (default)
[    3.029850] io scheduler cfq registered
[    3.030614] pci_hotplug: PCI Hot Plug PCI Core version: 0.5
[    3.031503] pciehp: PCI Express Hot Plug Controller Driver version: 0.4
[    3.032697] ACPI: AC Adapter [AC] (on-line)
[    3.033475] input: Power Button as /devices/LNXSYSTM:00/LNXPWRBN:00/input/input0
[    3.034755] ACPI: Power Button [PWRF]
[    3.035485] input: Sleep Button as /devices/LNXSYSTM:00/LNXSLPBN:00/input/input1
[    3.036815] ACPI: Sleep Button [SLPF]
[    3.037698] GHES: HEST is not enabled!
[    3.038307] ACPI: Battery Slot [BAT0] (battery present)
[    3.039737] virtio-pci 0000:00:03.0: virtio_pci: leaving for legacy driver
[    3.041288] virtio-pci 0000:00:08.0: virtio_pci: leaving for legacy driver
[    3.042508] Serial: 8250/16550 driver, 32 ports, IRQ sharing enabled
[    3.065296] 00:02: ttyS0 at I/O 0x3f8 (irq = 4, base_baud = 115200) is a 16550A
[    3.135180 Luxgprtntfa v10

[    3.535226] loop: module loaded
[    3.784067] scsi host0: ata_piix
[    3.784934] scsi host1: ata_piix
[    3.785657] ata1: PATA max UDMA/33 cmd 0x1f0 ctl 0x3f6 bmdma 0xd000 irq 14
[    3.786788] ata2: PATA max UDMA/33 cmd 0x170 ctl 0x376 bmdma 0xd008 irq 15
[    3.788172] libphy: Fixed MDIO Bus: probed
[    3.788930] tun: Universal TUN/TAP device driver, 1.6
[    3.789778] tun: (C) 1999-2004 Max Krasnyansky <maxk@qualcomm.com>
[    3.791324] PPP generic driver version 2.4.2
[    3.792145] ehci_hcd: USB 2.0 'Enhanced' Host Controller (EHCI) Driver
[    3.793292] ehci-pci: EHCI PCI platform driver
[    3.794087] ehci-platform: EHCI generic platform driver
[    3.794965] ohci_hcd: USB 1.1 'Open' Host Controller (OHCI) Driver
[    3.795950] ohci-pci: OHCI PCI platform driver
[    3.796768] ohci-platform: OHCI generic platform driver
[    3.797629] uhci_hcd: USB Universal Host Controller Interface driver
[    3.798664] i8042: PNP: PS/2 Controller [PNP0303:PS2K,PNP0f03:PS2M] at 0x60,0x64 irq 1,12
[    3.800583] serio: i8042 KBD port at 0x60,0x64 irq 1
[    3.801413] serio: i8042 AUX port at 0x60,0x64 irq 12
[    3.802340] mousedev: PS/2 mouse device common for all mice
[    3.803672] rtc_cmos rtc_cmos: rtc core: registered rtc_cmos as rtc0
[    3.804788] rtc_cmos rtc_cmos: alarms up to one day, 114 bytes nvram
[    3.805818] i2c /dev entries driver
[    3.806557] input: AT Translated Set 2 keyboard as /devices/platform/i8042/serio0/input/input2
[    3.808187] device-mapper: uevent: version 1.0.3
[    3.809039] device-mapper: ioctl: 4.34.0-ioctl (2015-10-28) initialised: dm-devel@redhat.com
[    3.810469] ledtrig-cpu: registered to indicate activity on CPUs
[    3.811888] NET: Registered protocol family 10
[    3.812980] NET: Registered protocol family 17
[    3.813750] Key type dns_resolver registered
[    3.814709] registered taskstats version 1
[    3.815447] Loading compiled-in X.509 certificates
[    3.816963] Loaded X.509 cert 'Build time autogenerated kernel key: 9f6f572a3ee0cb468eb8db4aa61815bc74ef6adb'
[    3.818545] zswap: loaded using pool lzo/zbud
[    3.821983] Key type trusted registered
[    3.827780] Key type encrypted registered
[    3.829139] AppArmor: AppArmor sha1 policy hashing enabled
[    3.830931] ima: No TPM chip found, activating TPM-bypass!
[    3.832748] evm: HMAC attrs: 0x1
[    3.834423]   Magic number: 10:37:733
[    3.835607] rtc_cmos rtc_cmos: setting system clock to 2018-07-01 12:43:56 UTC (1530449036)
[    3.838059] BIOS EDD facility v0.16 2004-Jun-25, 0 devices found
[    3.839621] EDD information not available.
[    3.945450] Freeing unused kernel memory: 1512K
[    3.947252] Write protecting the kernel read-only data: 14336k
[    3.949798] Freeing unused kernel memory: 1692K
[    3.952123] Freeing unused kernel memory: 96K
[    4.006109] tsc: Refined TSC clocksource calibration: 2394.476 MHz
[    4.006111] clocksource: tsc: mask: 0xffffffffffffffff max_cycles: 0x2283d51e853, max_idle_ns: 440795296375 ns
Loading, please wait...
starting version[    4.230995] random: systemd-udevd: uninitialized urandom read (16 bytes read, 2 bits of entropy available)
 229
[    4.231871] random: udevadm: uninitialized urandom read (16 bytes read, 2 bits of entropy available)
[    4.231898] random: udevadm: uninitialized urandom read (16 bytes read, 2 bits of entropy available)
[    4.241217] random: udevadm: uninitialized urandom read (16 bytes read, 2 bits of entropy available)
[    4.241259] random: udevadm: uninitialized urandom read (16 bytes read, 2 bits of entropy available)
[    4.241405] random: udevadm: uninitialized urandom read (16 bytes read, 2 bits of entropy available)
[    4.241461] random: udevadm: uninitialized urandom read (16 bytes read, 2 bits of entropy available)
[    4.241520] random: udevadm: uninitialized urandom read (16 bytes read, 2 bits of entropy available)
[    4.241578] random: udevadm: uninitialized urandom read (16 bytes read, 2 bits of entropy available)
[    4.241633] random: udevadm: uninitialized urandom read (16 bytes read, 2 bits of entropy available)
[    4.585163] virtio_net virtio1 enp0s8: renamed from eth1
[    4.597985] Fusion MPT base driver 3.04.20
[    4.611977] Copyright (c) 1999-2008 LSI Corporation
[    4.633390] AVX version of gcm_enc/dec engaged.
[    4.634474] AES CTR mode by8 optimization enabled
[    4.636570] virtio_net virtio0 enp0s3: renamed from eth0
[    4.642113] Fusion MPT SPI Host driver 3.04.20
[    4.643820] mptbase: ioc0: Initiating bringup
[    4.708534] ioc0: LSI53C1030 A0: Capabilities={Initiator}
[    5.026875] input: ImExPS/2 Generic Explorer Mouse as /devices/platform/i8042/serio1/input/input4
[    5.753905] scsi host2: ioc0: LSI53C1030 A0, FwRev=00000000h, Ports=1, MaxQ=256, IRQ=20
[    5.969418] scsi 2:0:0:0: Direct-Access     VBOX     HARDDISK         1.0  PQ: 0 ANSI: 5
[    5.989331] scsi target2:0:0: Beginning Domain Validation
[    5.991651] scsi target2:0:0: Domain Validation skipping write tests
[    5.993195] scsi target2:0:0: Ending Domain Validation
[    5.994072] scsi target2:0:0: asynchronous
[    6.004615] scsi 2:0:1:0: Direct-Access     VBOX     HARDDISK         1.0  PQ: 0 ANSI: 5
[    6.453710] scsi target2:0:1: Beginning Domain Validation
[    6.455632] scsi target2:0:1: Domain Validation skipping write tests
[    6.456660] scsi target2:0:1: Ending Domain Validation
[    6.457558] scsi target2:0:1: asynchronous
[    6.463653] sd 2:0:0:0: [sda] 20971520 512-byte logical blocks: (10.7 GB/10.0 GiB)
[    6.465682] sd 2:0:0:0: Attached scsi generic sg0 type 0
[    6.465691] sd 2:0:0:0: [sda] Write Protect is off
[    6.467514] sd 2:0:0:0: [sda] Incomplete mode parameter data
[    6.469122] sd 2:0:0:0: [sda] Assuming drive cache: write through
[    6.472005] sd 2:0:1:0: [sdb] 20480 512-byte logical blocks: (10.5 MB/10.0 MiB)
[    6.473667] sd 2:0:1:0: [sdb] Write Protect is off
[    6.474839] sd 2:0:1:0: [sdb] Incomplete mode parameter data
[    6.475957] sd 2:0:1:0: [sdb] Assuming drive cache: write through
[    6.476054] sd 2:0:1:0: Attached scsi generic sg1 type 0
[    6.477222]  sda: sda1
[    6.479417] sd 2:0:0:0: [sda] Attached SCSI disk
[    6.483324] sd 2:0:1:0: [sdb] Attached SCSI disk
Begin: Loading e[    7.824649] md: linear personality registered for level -1
ssential drivers ... [    7.846691] md: multipath personality registered for level -4
[    7.850573] md: raid0 personality registered for level 0
[    7.854708] md: raid1 personality registered for level 1
[    7.928106] raid6: sse2x1   gen()  8303 MB/s
[    8.132954] raid6: sse2x1   xor()  7684 MB/s
[    8.360502] raid6: sse2x2   gen() 11090 MB/s
[    8.523000] raid6: sse2x2   xor()  8168 MB/s
[    8.782994] raid6: sse2x4   gen() 14050 MB/s
[    8.936113] raid6: sse2x4   xor()  7276 MB/s
[    8.945545] raid6: using algorithm sse2x4 gen() 14050 MB/s
[    8.986556] raid6: .... xor() 7276 MB/s, rmw enabled
[    9.057386] raid6: using ssse3x2 recovery algorithm
[    9.059690] xor: automatically using best checksumming function:
[    9.099919]    avx       : 17093.000 MB/sec
[    9.105730] async_tx: api initialized (async)
[    9.116228] md: raid6 personality registered for level 6
[    9.223419] md: raid5 personality registered for level 5
[    9.224304] md: raid4 personality registered for level 4
[    9.230223] md: raid10 personality registered for level 10
done.
Begin: Running /scripts/init-premount ... done.
Begin: Mounting root file system ... Begin: Running /scripts/local-top ... done.
Begin: Running /scripts/local-premount ... [    9.264793] Btrfs loaded
Scanning for Btrfs filesystems
done.
Warning: fsck no[    9.331824] EXT4-fs (sda1): mounted filesystem with ordered data mode. Opts: (null)
t present, so skipping root file system
done.
Begin: Running /scripts/local-bottom ... done.
Begin: Running /scripts/init-bottom ... done.
[    95577876] systemd[1]: systemd 229 running in system mode. (+PAM +AUDIT +SELINUX +IMA +APPARMOR +SMACK +SYSVINIT +UTMP +LIBCRYPTSETUP +GCRYPT +GNUTLS +ACL +XZ -LZ4 +SECCOMP +BLKID +ELFUTILS +KMOD -IDN)
[    9.916222] systemd[1]: Detected virtualization oracle.
[    9.917408] systemd[1]: Detected architecture x86-64.

Welcome to [1mUbuntu 16.04.4 LTS[0m!

[    9.923111] systemd[1]: Set hostname to <ubuntu>.
[    9.926294] systemd[1]: Initializing machine ID from random generator.
[    9.927833] systemd[1]: Installed transient /etc/machine-id file.
[   10.092821] systemd[1]: Listening on /dev/initctl Compatibility Named Pipe.
[[0;32m  OK  [0m] Listening on /dev/initctl Compatibility Named Pipe.
[   10.155687] systemd[1]: Listening on LVM2 poll daemon socket.
[[0;32m  OK  [0m] Listening on LVM2 poll daemon socket.
[   10.205413] systemd[1]: Created slice User and Session Slice.
[[0;32m  OK  [0m] Created slice User and Session Slice.
[   10.207731] systemd[1]: Listening on LVM2 metadata daemon socket.
[[0;32m  OK  [0m] Listening on LVM2 metadata daemon socket.
[   10.210209] systemd[1]: Listening on Syslog Socket.
[[0;32m  OK  [0m] Listening on Syslog Socket.
[   10.212215] systemd[1]: Started Trigger resolvconf update for networkd DNS.
[[0;32m  OK  [0m] Started Trigger resolvconf update for networkd DNS.
[   10.215150] systemd[1]: Created slice System Slice.
[[0;32m  OK  [0m] Created slice System Slice.
[   10.217194] systemd[1]: Reached target Slices.
[[0;32m  OK  [0m] Reached target Slices.
[   10.219201] systemd[1]: Set up automount Arbitrary Executable File Formats File System Automount Point.
[[0;32m  OK  [0m] Set up automount Arbitrary Executab...ats File System Automount Point.
[   10.222639] systemd[1]: Listening on udev Kernel Socket.
[[0;32m  OK  [0m] Listening on udev Kernel Socket.
[   10.225080] systemd[1]: Created slice system-serial\x2dgetty.slice.
[[0;32m  OK  [0m] Created slice system-serial\x2dgetty.slice.
[   10.227543] systemd[1]: Listening on udev Control Socket.
[[0;32m  OK  [0m] Listening on udev Control Socket.
[   10.229755] systemd[1]: Reached target Encrypted Volumes.
[[0;32m  OK  [0m] Reached target Encrypted Volumes.
[   10.231951] systemd[1]: Started Forward Password Requests to Wall Directory Watch.
[[0;32m  OK  [0m] Started Forward Password Requests to Wall Directory Watch.
[   10.235000] systemd[1]: Reached target System Time Synchronized.
[[0;32m  OK  [0m] Reached target System Time Synchronized.
[   10.237398] systemd[1]: Listening on Journal Audit Socket.
[[0;32m  OK  [0m] Listening on Journal Audit Socket.
[   10.239600] systemd[1]: Listening on Journal Socket.
[[0;32m  OK  [0m] Listening on Journal Socket.
[   10.256118] systemd[1]: Starting Load Kernel Modules...
         Starting Load Kernel Modules...
[   10.260972] systemd[1]: Starting Uncomplicated firewall...
         Starting Uncomplicated firewall...
[   10.265670] systemd[1]: Mounting Huge Pages File System...
[   10.304801] Loading iSCSI transport class v2.0-870.
         Mounting Huge Pages File System...
[   10.308435] systemd[1]: Mounting POSIX Message Queue File System...
         Mounting POSIX Message Queue File System...
[   10.313029] systemd[1]: Mounting Debug File System...
[   10.314543] iscsi: registered transport (tcp)
         Mounting Debug File System...
[   10.318788] systemd[1]: Starting Remount Root and Kernel File Systems...
         Starting Remount Root and Kernel File Systems...
[   10.325308] systemd[1]: Starting Set console keymap...
[   10.327186] EXT4-fs (sda1): re-mounted. Opts: (null)
         Starting Set console keymap...
[   10.331891] systemd[1]: Starting Create list of required static device nodes for the current kernel...
         Starting Create list of required st... nodes for the current kernel...
[   10.336455] systemd[1]: Listening on Device-mapper event daemon FIFOs.
[[0;32m  OK  [0m] Listening on Device-mapper event daemon FIFOs.
[   10.339818] systemd[1]: Starting Monitoring of LVM2 mirrors, snapshots etc. using dmeventd or progress polling...
         Starting Monitoring of LVM2 mirrors... dmeventd or progress polling...
[   10.344289] systemd[1]: Starting Nameserver information manager...
         Starting Nameserver information manager...
[   10.347000] systemd[1]: Listening on Journal Socket (/dev/log).
[[0;32m  OK  [0m] Listening on Journal Socket (/dev/log).
[   10.350798] systemd[1]: Starting Journal Service...
         Starting Journal Service...
[   10.354692] systemd[1]: Reached target User and Group Name Lookups.
[[0;32m  OK  [0m] Reached target User and Group Name Lookups.
[   10.358855] systemd[1]: Reached target Swap.
[[0;32m  OK  [0m] Reached target Swap.
[   10.363058] systemd[1]: Mounted POSIX Message Queue File System.
[[0;32m  OK  [0m] Mounted POSIX Message Queue File System.
[   10.365371] systemd[1]: Mounted Debug File System.
[[0;32m  OK  [0m] Mounted Debug File System.
[   10.367302] systemd[1]: Mounted Huge Pages File System.
[[0;32m  OK  [0m] Mounted Huge Pages File System.
[   10.370159] systemd[1]: Started Uncomplicated firewall.
[[0;32m  OK  [0m] Started Uncomplicated firewall.
[   10.373262] systemd[1]: Started Remount Root and Kernel File Systems.
[[0;32m  OK  [0m] Started Remount Root and Kernel File Systems.
[   10.377016] systemd[1]: Started Create list of required static device nodes for the current kernel.
[[0;32m  OK  [0m] Started Create list of required sta...ce nodes for the current kernel.
[   10.384021] systemd[1]: Started Nameserver information manager.
[[0;32m  OK  [0m] Started Nameserver information manager.
[   10.388553] iscsi: registered transport (iser)
[   10.396017] systemd[1]: Started Load Kernel Modules.
[[0;32m  OK  [0m] Started Load Kernel Modules.
[   10.398426] systemd[1]: Started Journal Service.
[[0;32m  OK  [0m] Started Journal Service.
[[0;32m  OK  [0m] Started Set console keymap.
         Mounting FUSE Control File System...
         Starting Apply Kernel Variables...
[[0;32m  OK  [0m] Started LVM2 metadata daemon.
         Starting Create Static Device Nodes in /dev...
         Starting udev Coldplug all Devices...
         Starting Load/Save Random Seed...
         Starting Flush Journal to Persistent Storage...
[[0;32m  OK  [0m] Mounted FUSE Control File System.
[[0;32m  OK  [0m] Started Apply Kernel Variables.
[[0;32m  OK  [0m] Started Create Static Device Nodes in /dev.
[[0;32m  OK  [0m] Started Load/Save Random Seed.
[[0;32m  OK  [0m] Started Flush Journal to Persistent Storage.
         Starting udev Kernel Device Manager...
[[0;32m  OK  [0m] Started udev Coldplug all Devices.
[[0;32m  OK  [0m] Started udev Kernel Device Manager.
[[0;32m  OK  [0m] Started Dispatch Password Requests to Console Directory Watch.
[[0;32m  OK  [0m] Found device /dev/ttyS0.
[[0;32m  OK  [0m] Listening on Load/Save RF Kill Switch Status /dev/rfkill Watch.
[[0;32m  OK  [0m] Started Monitoring of LVM2 mirrors,...ng dmeventd or progress polling.
[[0;32m  OK  [0m] Reached target Local File Systems (Pre).
[[0;32m  OK  [0m] Reached target Local File Systems.
         Starting Create Volatile Files and Directories...
         Starting Tell Plymouth To Write Out Runtime Data...
         Starting Commit a transient machine-id on disk...
         Starting LSB: AppArmor initialization...
         Starting Set console font and keymap...
         Starting Initial cloud-init job (pre-networking)...
[[0;32m  OK  [0m] Started Create Volatile Files and Directories.
[[0;32m  OK  [0m] Started Tell Plymouth To Write Out Runtime Data.
[[0;32m  OK  [0m] Started Commit a transient machine-id on disk.
         Starting Update UTMP about System Boot/Shutdown...
[[0;32m  OK  [0m] Started Update UTMP about System Boot/Shutdown.
[[0;32m  OK  [0m] Started Set console font and keymap.
[[0;32m  OK  [0m] Created slice system-getty.slice.
[[0;32m  OK  [0m] Started LSB: AppArmor initialization.
[   11.600881] cloud-init[671]: Cloud-init v. 18.2 running 'init-local' at Sun, 01 Jul 2018 12:44:04 +0000. Up 11.28 seconds.
[[0;32m  OK  [0m] Started Initial cloud-init job (pre-networking).
[[0;32m  OK  [0m] Reached target Network (Pre).
         Starting Raise network interfaces...
[[0;32m  OK  [0m] Started Raise network interfaces.
[[0;32m  OK  [0m] Reached target Network.
         Starting Initial cloud-init job (metadata service crawler)...
[   13.449584] cloud-init[968]: Cloud-init v. 18.2 running 'init' at Sun, 01 Jul 2018 12:44:05 +0000. Up 12.38 seconds.
[   13.455975] cloud-init[968]: ci-info: +++++++++++++++++++++++++++++++++++++Net device info++++++++++++++++++++++++++++++++++++++
[   13.458195] cloud-init[968]: ci-info: +--------+-------+---------------------------+---------------+-------+-------------------+
[   13.478296] cloud-init[968]: ci-info: | Device |   Up  |          Address          |      Mask     | Scope |     Hw-Address    |
[   13.479863] cloud-init[968]: ci-info: +--------+-------+---------------------------+---------------+-------+-------------------+
[   13.483885] cloud-init[968]: ci-info: | enp0s3 |  True |         10.0.2.15         | 255.255.255.0 |   .   | 02:ff:33:8f:0e:5d |
[   13.485532] cloud-init[968]: ci-info: | enp0s3 |  True | fe80::ff:33ff:fe8f:e5d/64 |       .       |  link | 02:ff:33:8f:0e:5d |
[   13.487100] cloud-init[968]: ci-info: | enp0s8 | False |             .             |       .       |   .   | 08:00:27:33:d5:0c |
[   13.488796] cloud-init[968]: ci-info: |   lo   |  True |         127.0.0.1         |   255.0.0.0   |   .   |         .         |
[   13.490527] cloud-init[968]: ci-info: |   lo   |  True |          ::1/128          |       .       |  host |         .         |
[   13.492310] cloud-init[968]: ci-info: +--------+-------+---------------------------+---------------+-------+-------------------+
[   13.494118] cloud-init[968]: ci-info: +++++++++++++++++++++++++++Route IPv4 info++++++++++++++++++++++++++++
[   13.499171] cloud-init[968]: ci-info: +-------+-------------+----------+---------------+-----------+-------+
[   13.501098] cloud-init[968]: ci-info: | Route | Destination | Gateway  |    Genmask    | Interface | Flags |
[   13.502802] cloud-init[968]: ci-info: +-------+-------------+----------+---------------+-----------+-------+
[   13.504586] cloud-init[968]: ci-info: |   0   |   0.0.0.0   | 10.0.2.2 |    0.0.0.0    |   enp0s3  |   UG  |
[   13.506321] cloud-init[968]: ci-info: |   1   |   10.0.2.0  | 0.0.0.0  | 255.255.255.0 |   enp0s3  |   U   |
[   13.514529] cloud-init[968]: ci-info: +-------+-------------+----------+---------------+-----------+-------+
[   13.516310] cloud-init[968]: Generating public/private rsa key pair.
[   13.517644] cloud-init[968]: Your identification has been saved in /etc/ssh/ssh_host_rsa_key.
[   13.519268] cloud-init[968]: Your public key has been saved in /etc/ssh/ssh_host_rsa_key.pub.
[   13.520963] cloud-init[968]: The key fingerprint is:
[   13.521352] cloud-init[968]: SHA256:/Pa8vaxNcdZTcz8RRuVxeTLiSGR/8eXBEKaINndJOIo root@ubuntu-xenial
[   13.521542] cloud-init[968]: The key's randomart image is:
[[0;32m  OK  [0m] Started Initial cloud-init job (metadata service crawler).
[   13.521746] cloud-init[968]: +---[RSA 2048]----+
[   13.530990] cloud-init[968]: |         .+. +***|
[   13.531930] cloud-init[968]: |        .++.= +BB|
[   13.532893] cloud-init[968]: |      .+.+.*...=B|
[   13.533170] cloud-init[968]: |     E.oo o ..  B|
[   13.533289] cloud-init[968]: |        S     .o=|
[   13.533402] cloud-init[968]: |         .     +o|
[   13.533647] cloud-init[968]: |          o   .  |
[   13.533768] cloud-init[968]: |         . o =   |
[   13.533879] cloud-init[968]: |            =o=. |
[   13.533996] cloud-init[968]: +----[SHA256]-----+
[   13.534114] cloud-init[968]: Generating public/private dsa key pair.
[   13.534284] cloud-init[968]: Your identification has been saved in /etc/ssh/ssh_host_dsa_key.
[   13.534439] cloud-init[968]: Your public key has been saved in /etc/ssh/ssh_host_dsa_key.pub.
[   13.534602] cloud-init[968]: The key fingerprint is:
[   13.534767] cloud-init[968]: SHA256:vRtY5NWlTNrdb3UVgHwTilOBhIBPF6AmI7scJ/5DI+M root@ubuntu-xenial
[   13.534938] cloud-init[968]: The key's randomart image is:
[   13.535109] cloud-init[968]: +---[DSA 1024]----+
[   13.535263] cloud-init[968]: |    .oo.+.oooo+.+|
[   13.535426] cloud-init[968]: |   ... o .oo.O +o|
[   13.535590] cloud-init[968]: |.o oo .  o..+ * =|
[   13.535751] cloud-init[968]: |..+  .   +..    +|
[   13.535915] cloud-init[968]: |.o .    S +     o|
[   13.536265] cloud-init[968]: |o++o     o .   . |
[   13.536422] cloud-init[968]: |oo+ .   . o      |
[   13.536586] cloud-init[968]: | E..       o     |
[   13.536747] cloud-init[968]: |   ..     .      |
[   13.536915] cloud-init[968]: +----[SHA256]-----+
[   13.537074] cloud-init[968]: Generating public/private ecdsa key pair.
[   13.537234] cloud-init[968]: Your identification has been saved in /etc/ssh/ssh_host_ecdsa_key.
[   13.537398] cloud-init[968]: Your public key has been saved in /etc/ssh/ssh_host_ecdsa_key.pub.
[   13.537594] cloud-init[968]: The key fingerprint is:
[   13.537846] cloud-init[968]: SHA256:hy/vS1IrhRkyauwcinGY5B8bpeza2nPat3yHJtiqCNA root@ubuntu-xenial
[   13.537968] cloud-init[968]: The key's randomart image is:
[   13.538082] cloud-init[968]: +---[ECDSA 256]---+
[   13.538201] cloud-init[968]: |                 |
[   13.538323] cloud-init[968]: |                 |
[   13.538437] cloud-init[968]: | .   .o .        |
[   13.538578] cloud-init[968]: |o+..o. o =       |
[   13.538695] cloud-init[968]: |=.E==   S +      |
[   13.538810] cloud-init[968]: |.+o=+.   = .     |
[   13.538929] cloud-init[968]: |o .+o o + =      |
[   13.539044] cloud-init[968]: |. =..o.+ X .     |
[   13.539161] cloud-init[968]: | +.==ooo=.=.     |
[   13.539279] cloud-init[968]: +----[SHA256]-----+
[   13.539612] cloud-init[968]: Generating public/private ed25519 key pair.
[   13.540001] cloud-init[968]: Your identification has been saved in /etc/ssh/ssh_host_ed25519_key.
[   13.540365] cloud-init[968]: Your public key has been saved in /etc/ssh/ssh_host_ed25519_key.pub.
[   13.540536] cloud-init[968]: The key fingerprint is:
[   13.540731] cloud-init[968]: SHA256:IwEjmYFeeoAnxNo2D05JkVPq0IquXyV90Mz4TIICZz4 root@ubuntu-xenial
[   13.541152] cloud-init[968]: The key's randomart image is:
[   13.541344] cloud-init[968]: +--[ED25519 256]--+
[   13.541538] cloud-init[968]: |=o*B+            |
[   13.541747] cloud-init[968]: |+OB+ + =         |
[   13.541940] cloud-init[968]: |+=Eo. = =        |
[   13.542132] cloud-init[968]: |o*B+ . B         |
[   13.542311] cloud-init[968]: |o+o+. + S        |
[   13.542505] cloud-init[968]: |. . .o o .       |
[   13.542692] cloud-init[968]: | .  .            |
[   13.543311] cloud-init[968]: |.  .             |
[   13.543509] cloud-init[968]: |...              |
[   13.543685] cloud-init[968]: +----[SHA256]-----+
[[0;32m  OK  [0m] Reached target Network is Online.
         Starting iSCSI initiator daemon (iscsid)...
[[0;32m  OK  [0m] Reached target Cloud-config availability.
[[0;32m  OK  [0m] Reached target System Initialization.
         Starting Socket activation for snappy daemon.
[[0;32m  OK  [0m] Started Daily apt download activities.
[[0;32m  OK  [0m] Started Daily Cleanup of Temporary Directories.
[[0;32m  OK  [0m] Listening on ACPID Listen Socket.
[[0;32m  OK  [0m] Listening on UUID daemon activation socket.
[[0;32m  OK  [0m] Listening on D-Bus System Message Bus Socket.
[[0;32m  OK  [0m] Started Daily apt upgrade and clean activities.
[[0;32m  OK  [0m] Reached target Timers.
[[0;32m  OK  [0m] Started ACPI Events Check.
[[0;32m  OK  [0m] Reached target Paths.
         Starting LXD - unix socket.
[[0;32m  OK  [0m] Listening on Socket activation for snappy daemon.
[[0;32m  OK  [0m] Listening on LXD - unix socket.
[[0;32m  OK  [0m] Started iSCSI initiator daemon (iscsid).
         Starting Login to default iSCSI targets...
[[0;32m  OK  [0m] Reached target Sockets.
[[0;32m  OK  [0m] Reached target Basic System.
[[0;32m  OK  [0m] Started Unattended Upgrades Shutdown.
         Starting /etc/rc.local Compatibility...
         Starting LXD - container startup/shutdown...
[[0;32m  OK  [0m] Started ACPI event daemon.
         Starting Apply the settings specified in cloud-config...
         Starting LSB: Record successful boot for GRUB...
         Starting Snappy daemon...
[[0;32m  OK  [0m] Started D-Bus System Message Bus.
         Starting LSB: MD monitoring daemon...
         Starting Login Service...
[[0;32m  OK  [0m] Started FUSE filesystem for LXC.
         Starting Pollinate to seed the pseudo random number generator...
[[0;32m  OK  [0m] Started Regular background program processing daemon.
         Starting Virtualbox guest utils...
[[0;32m  OK  [0m] Started Deferred execution scheduler.
         Starting System Logging Service...
         Starting Accounts Service...
[[0;32m  OK  [0m] Started /etc/rc.local Compatibility.
[[0;32m  OK  [0m] Started System Logging Service.
[[0;32m  OK  [0m] Started Login to default iSCSI targets.
[[0;32m  OK  [0m] Started LSB: MD monitoring daemon.
[[0;32m  OK  [0m] Started LSB: Record successful boot for GRUB.
[[0;32m  OK  [0m] Started LXD - container startup/shutdown.
[[0;32m  OK  [0m] Started Login Service.
         Starting Authenticate and Authorize Users to Run Privileged Tasks...
[[0;32m  OK  [0m] Reached target Remote File Systems (Pre).
[[0;32m  OK  [0m] Reached target Remote File Systems.
         Starting Permit User Sessions...
         Starting LSB: automatic crash report generation...
         Starting LSB: Set the CPU Frequency Scaling governor to "ondemand"...
         Starting LSB: daemon to balance interrupts for SMP systems...
[[0;32m  OK  [0m] Started Snappy daemon.
[[0;32m  OK  [0m] Started Virtualbox guest utils.
[[0;32m  OK  [0m] Started Permit User Sessions.
[[0;32m  OK  [0m] Started Authenticate and Authorize Users to Run Privileged Tasks.
[[0;32m  OK  [0m] Started Accounts Service.
         Starting Terminate Plymouth Boot Screen...
         Starting Hold until boot process finishes up...
         Starting Wait until snapd is fully seeded...
[[0;32m  OK  [0m] Started LSB: automatic crash report generation.
[[0;32m  OK  [0m] Started Terminate Plymouth Boot Screen.
[[0;32m  OK  [0m] Started Hold until boot process finishes up.
[[0;32m  OK  [0m] Started LSB: Set the CPU Frequency Scaling governor to "ondemand".
[[0;32m  OK  [0m] Started LSB: daemon to balance interrupts for SMP systems.
         Starting Set console scheme...
[[0;32m  OK  [0m] Started Getty on tty1.
[[0;32m  OK  [0m] Started Serial Getty on ttyS0.
[[0;32m  OK  [0m] Reached target Login Prompts.
[[0;32m  OK  [0m] Started Set console scheme.
[   14.428426] cloud-init[1075]: Generating locales (this might take a while)...
[   15.242967] cloud-init[1075]:   en_US.UTF-8... done
[   15.268538] cloud-init[1075]: Generation complete.
[   15.627316] cloud-init[1075]: Cloud-init v. 18.2 running 'modules:config' at Sun, 01 Jul 2018 12:44:07 +0000. Up 14.26 seconds.
[[0;32m  OK  [0m] Started Apply the settings specified in cloud-config.
[[0;32m  OK  [0m] Started Pollinate to seed the pseudo random number generator.
         Starting OpenBSD Secure Shell server...
[[0;32m  OK  [0m] Started OpenBSD Secure Shell server.
[[0;32m  OK  [0m] Created slice User Slice of vagrant.
         Starting User Manager for UID 1000...
[[0;32m  OK  [0m] Started Session 1 of user vagrant.
[[0;32m  OK  [0m] Started User Manager for UID 1000.

Ubuntu 16.04.4 LTS ubuntu-xenial ttyS0

ubuntu-xenial login: ci-info: no authorized ssh keys fingerprints found for user ubuntu.
<14>Jul  1 12:44:14 ec2: 
<14>Jul  1 12:44:14 ec2: #############################################################
<14>Jul  1 12:44:14 ec2: -----BEGIN SSH HOST KEY FINGERPRINTS-----
<14>Jul  1 12:44:14 ec2: 1024 SHA256:vRtY5NWlTNrdb3UVgHwTilOBhIBPF6AmI7scJ/5DI+M root@ubuntu-xenial (DSA)
<14>Jul  1 12:44:14 ec2: 256 SHA256:hy/vS1IrhRkyauwcinGY5B8bpeza2nPat3yHJtiqCNA root@ubuntu-xenial (ECDSA)
<14>Jul  1 12:44:14 ec2: 256 SHA256:IwEjmYFeeoAnxNo2D05JkVPq0IquXyV90Mz4TIICZz4 root@ubuntu-xenial (ED25519)
<14>Jul  1 12:44:14 ec2: 2048 SHA256:/Pa8vaxNcdZTcz8RRuVxeTLiSGR/8eXBEKaINndJOIo root@ubuntu-xenial (RSA)
<14>Jul  1 12:44:14 ec2: -----END SSH HOST KEY FINGERPRINTS-----
<14>Jul  1 12:44:14 ec2: #############################################################
-----BEGIN SSH HOST KEY KEYS-----
ecdsa-sha2-nistp256 AAAAE2VjZHNhLXNoYTItbmlzdHAyNTYAAAAIbmlzdHAyNTYAAABBBCfhj8p7mfAbTuKWVSd6YC08MUIpn1LqCnPiZ6ZwN54qk7SbyQbDNu6hvrhggyCUg/N11R9+yWG5F1HfNqPSWK8= root@ubuntu-xenial
ssh-ed25519 AAAAC3NzaC1lZDI1NTE5AAAAIMXSlxWydA0vZOmKhDpe0RwUiF7T7xENW3w9yrMj/hko root@ubuntu-xenial
ssh-rsa AAAAB3NzaC1yc2EAAAADAQABAAABAQDRi8QGXYgzVsjMK1B6nuySzbILCWBQTSI+W/1aYMGaVn6Sh+lIeZuVPGr5m09AWHbKTVckDcqP1l6iEi+xvCqe3co6lxqNs2IB95Ia4LavmJzOytY/Duv5uQ79Y1HNy0vFC8lAvKxUQTqVNGAa0O81h/9tH2gnXu4WRCrkGqK94w58tlNohNIA+gQzCgwGTO9PMLhBkiKZhdBAgmqqIz7PF02iZiQ3u9sHBNARg+EJUE7FDdn8axUbmp5QQT/jh08fH3crWyAd7wZ9fzEa/bPN7sdID8EnytPGkisQsKBV1HCbgj5P4TUFV8cTFTQFlLh9Ds0TWpirGWTELdG+jaXV root@ubuntu-xenial
-----END SSH HOST KEY KEYS-----
[   21.254509] cloud-init[1454]: Cloud-init v. 18.2 running 'modules:final' at Sun, 01 Jul 2018 12:44:14 +0000. Up 21.08 seconds.
[   21.254923] cloud-init[1454]: ci-info: no authorized ssh keys fingerprints found for user ubuntu.
[   21.255161] cloud-init[1454]: Cloud-init v. 18.2 finished at Sun, 01 Jul 2018 12:44:14 +0000. Datasource DataSourceNoCloud [seed=/dev/sdb][dsmode=net].  Up 21.23 seconds
